<?xml version="1.0" encoding="UTF-8"?>
<testng-results ignored="0" total="1" passed="1" failed="0" skipped="0">
  <reporter-output>
  </reporter-output>
  <suite started-at="2024-02-07T07:07:04 GMT-08:00" name="Default suite" finished-at="2024-02-07T07:07:51 GMT-08:00" duration-ms="47050">
    <groups>
    </groups>
    <test started-at="2024-02-07T07:07:04 GMT-08:00" name="Default test" finished-at="2024-02-07T07:07:51 GMT-08:00" duration-ms="47050">
      <class name="testScripts.homePageTest">
        <test-method is-config="true" signature="beforeSuite()[pri:0, instance:testScripts.homePageTest@40a4337a]" started-at="2024-02-07T07:07:03 GMT-08:00" name="beforeSuite" finished-at="2024-02-07T07:07:04 GMT-08:00" duration-ms="799" status="PASS">
          <reporter-output>
          </reporter-output>
        </test-method> <!-- beforeSuite -->
        <test-method is-config="true" signature="beforetest()[pri:0, instance:testScripts.homePageTest@40a4337a]" started-at="2024-02-07T07:07:04 GMT-08:00" name="beforetest" finished-at="2024-02-07T07:07:04 GMT-08:00" duration-ms="2" status="PASS">
          <reporter-output>
          </reporter-output>
        </test-method> <!-- beforetest -->
        <test-method is-config="true" signature="beforeclass()[pri:0, instance:testScripts.homePageTest@40a4337a]" started-at="2024-02-07T07:07:04 GMT-08:00" name="beforeclass" finished-at="2024-02-07T07:07:35 GMT-08:00" duration-ms="31252" status="PASS">
          <reporter-output>
          </reporter-output>
        </test-method> <!-- beforeclass -->
        <test-method is-config="true" signature="beforeMethod(java.lang.reflect.Method)[pri:0, instance:testScripts.homePageTest@40a4337a]" started-at="2024-02-07T07:07:35 GMT-08:00" name="beforeMethod" finished-at="2024-02-07T07:07:36 GMT-08:00" duration-ms="334" status="PASS">
          <params>
            <param index="0">
              <value>
                <![CDATA[public void testScripts.homePageTest.hometest_001() throws java.lang.InterruptedException]]>
              </value>
            </param>
          </params>
          <reporter-output>
          </reporter-output>
        </test-method> <!-- beforeMethod -->
        <test-method signature="hometest_001()[pri:0, instance:testScripts.homePageTest@40a4337a]" started-at="2024-02-07T07:07:36 GMT-08:00" name="hometest_001" finished-at="2024-02-07T07:07:50 GMT-08:00" duration-ms="14513" status="PASS">
          <reporter-output>
          </reporter-output>
        </test-method> <!-- hometest_001 -->
        <test-method is-config="true" signature="AfterMethod()[pri:0, instance:testScripts.homePageTest@40a4337a]" started-at="2024-02-07T07:07:50 GMT-08:00" name="AfterMethod" finished-at="2024-02-07T07:07:50 GMT-08:00" duration-ms="18" status="PASS">
          <reporter-output>
          </reporter-output>
        </test-method> <!-- AfterMethod -->
        <test-method is-config="true" signature="afterclass()[pri:0, instance:testScripts.homePageTest@40a4337a]" started-at="2024-02-07T07:07:50 GMT-08:00" name="afterclass" finished-at="2024-02-07T07:07:51 GMT-08:00" duration-ms="690" status="PASS">
          <reporter-output>
          </reporter-output>
        </test-method> <!-- afterclass -->
        <test-method is-config="true" signature="afterTest()[pri:0, instance:testScripts.homePageTest@40a4337a]" started-at="2024-02-07T07:07:51 GMT-08:00" name="afterTest" finished-at="2024-02-07T07:07:51 GMT-08:00" duration-ms="1" status="PASS">
          <reporter-output>
          </reporter-output>
        </test-method> <!-- afterTest -->
        <test-method is-config="true" signature="afterSuite()[pri:0, instance:testScripts.homePageTest@40a4337a]" started-at="2024-02-07T07:07:51 GMT-08:00" name="afterSuite" finished-at="2024-02-07T07:07:52 GMT-08:00" duration-ms="1220" status="PASS">
          <reporter-output>
          </reporter-output>
        </test-method> <!-- afterSuite -->
      </class> <!-- testScripts.homePageTest -->
    </test> <!-- Default test -->
  </suite> <!-- Default suite -->
</testng-results>
